<?xml version="1.0" encoding="UTF-8"?>
<!-- Generated by org.testng.reporters.JUnitReportReporter -->
<testsuite hostname="Farooq" failures="0" tests="1" name="Products.CreateProdutWithVendor" time="22.645" errors="0" timestamp="2022-08-29T11:49:06 IST" skipped="0">
  <testcase classname="Products.CreateProdutWithVendor" name="createProductWithVendor" time="22.645"/>
  <system-out/>
</testsuite> <!-- Products.CreateProdutWithVendor -->
