<?xml version="1.0" encoding="UTF-8"?>
<!-- Generated by org.testng.reporters.JUnitReportReporter -->
<testsuite hostname="Farooq" failures="0" tests="2" name="Contacts.Contact_with_orgnization" time="51.719" errors="0" timestamp="2022-09-15T21:48:53 IST" skipped="0">
  <testcase classname="Contacts.Contact_with_orgnization" name="createContactWithOrgTest" time="25.934"/>
  <system-out>
    <![CDATA[createContactWithOrgTest => test script execution started 
--clicked on organization--
--clicked on New-org-img--
---organization successfully created---
--navigate to contacts---
--clicked on new contact img--
--contact created successfully---
createContactWithOrgTest => is passed ]]>
  </system-out>
  <testcase classname="Contacts.Contact_with_orgnization" name="createContactWithOrgTest" time="25.785"/>
  <system-out>
    <![CDATA[createContactWithOrgTest => test script execution started 
--clicked on organization--
--clicked on New-org-img--
---organization successfully created---
--navigate to contacts---
--clicked on new contact img--
--contact created successfully---
createContactWithOrgTest => is passed ]]>
  </system-out>
</testsuite> <!-- Contacts.Contact_with_orgnization -->
