<?xml version="1.0" encoding="UTF-8"?>
<!-- Generated by org.testng.reporters.JUnitReportReporter -->
<testsuite hostname="Farooq" failures="0" tests="2" name="V_tiger.Annotation_Practice" time="0.005" errors="0" timestamp="2022-09-02T11:23:45 IST" skipped="0">
  <testcase classname="V_tiger.Annotation_Practice" name="test2" time="0.002"/>
  <system-out/>
  <testcase classname="V_tiger.Annotation_Practice" name="test1" time="0.003"/>
  <system-out/>
</testsuite> <!-- V_tiger.Annotation_Practice -->
