<?xml version="1.0" encoding="UTF-8"?>
<!-- Generated by org.testng.reporters.JUnitReportReporter -->
<testsuite hostname="Farooq" failures="0" tests="4" name="V_tiger.DataProviderPractice" time="0.012" errors="0" timestamp="2022-09-02T11:23:45 IST" skipped="0">
  <testcase classname="V_tiger.DataProviderPractice" name="addProductToCart" time="0.001"/>
  <system-out/>
  <testcase classname="V_tiger.DataProviderPractice" name="addProductToCart" time="0.001"/>
  <system-out/>
  <testcase classname="V_tiger.DataProviderPractice" name="addProductToCart" time="0.009"/>
  <system-out/>
  <testcase classname="V_tiger.DataProviderPractice" name="addProductToCart" time="0.001"/>
  <system-out/>
</testsuite> <!-- V_tiger.DataProviderPractice -->
