<?xml version="1.0" encoding="UTF-8"?>
<!-- Generated by org.testng.reporters.JUnitReportReporter -->
<testsuite hostname="Farooq" failures="0" tests="2" name="Contacts.CreateContactWithMandatoryFieldsTest" time="45.862" errors="0" timestamp="2022-09-15T21:48:53 IST" skipped="0">
  <testcase classname="Contacts.CreateContactWithMandatoryFieldsTest" name="createconWithMandatoryField" time="22.920"/>
  <system-out>
    <![CDATA[createconWithMandatoryField => test script execution started 
createconWithMandatoryField => is passed ]]>
  </system-out>
  <testcase classname="Contacts.CreateContactWithMandatoryFieldsTest" name="createconWithMandatoryField" time="22.942"/>
  <system-out>
    <![CDATA[createconWithMandatoryField => test script execution started 
createconWithMandatoryField => is passed ]]>
  </system-out>
</testsuite> <!-- Contacts.CreateContactWithMandatoryFieldsTest -->
