<?xml version="1.0" encoding="UTF-8"?>
<!-- Generated by org.testng.reporters.JUnitReportReporter -->
<testsuite hostname="Farooq" failures="0" tests="1" name="Contacts.Contact_with_orgnizationTest" time="22.267" errors="0" timestamp="2022-09-09T12:24:17 IST" skipped="0">
  <testcase classname="Contacts.Contact_with_orgnizationTest" name="createContactWithOrgTest" time="22.267"/>
  <system-out>
    <![CDATA[createContactWithOrgTest => test script execution started 
--clicked on organization--
--clicked on New-org-img--
---organization successfully created---
--navigate to contacts---
--clicked on new contact img--
--contact created successfully---
createContactWithOrgTest => is passed ]]>
  </system-out>
</testsuite> <!-- Contacts.Contact_with_orgnizationTest -->
