<?xml version="1.0" encoding="UTF-8"?>
<!-- Generated by org.testng.reporters.JUnitReportReporter -->
<testsuite hostname="Farooq" failures="0" tests="6" name="V_tiger.TestNGPractice" time="0.012" errors="0" timestamp="2022-09-02T11:23:45 IST" skipped="1">
  <testcase classname="V_tiger.TestNGPractice" name="modifyCustomer" time="0.002"/>
  <system-out/>
  <testcase classname="V_tiger.TestNGPractice" name="modifyCustomer" time="0.001"/>
  <system-out/>
  <testcase classname="V_tiger.TestNGPractice" name="modifyCustomer" time="0.001"/>
  <system-out/>
  <testcase classname="V_tiger.TestNGPractice" name="createCustomer" time="0.006"/>
  <system-out/>
  <testcase classname="V_tiger.TestNGPractice" name="productAdded" time="0.002"/>
  <system-out/>
  <testcase classname="V_tiger.TestNGPractice" name="deleteCustomer">
    <skipped/>
  </testcase> <!-- deleteCustomer -->
  <system-out/>
</testsuite> <!-- V_tiger.TestNGPractice -->
